{"Y:\\RN_JEST\\src\\App.tsx": {"path":"Y:\\RN_JEST\\src\\App.tsx","statementMap":{"0":{"start":{"line":6,"column":33},"end":{"line":13,"column":1}},"1":{"start":{"line":7,"column":2},"end":{"line":12,"column":4}}},"fnMap":{"0":{"name":"(anonymous_0)","decl":{"start":{"line":6,"column":33},"end":{"line":6,"column":34}},"loc":{"start":{"line":6,"column":39},"end":{"line":13,"column":1}},"line":6}},"branchMap":{},"s":{"0":1,"1":1},"f":{"0":1},"b":{},"_coverageSchema":"1a1c01bbd47fc00a2c39e90264f33305004495a9","hash":"856220214785a41a7f167b2f515cf0bac08f8674"}
,"Y:\\RN_JEST\\src\\components\\index.tsx": {"path":"Y:\\RN_JEST\\src\\components\\index.tsx","statementMap":{},"fnMap":{},"branchMap":{},"s":{},"f":{},"b":{},"_coverageSchema":"1a1c01bbd47fc00a2c39e90264f33305004495a9","hash":"d35f923e1633d2a528e50a36e331346e4072cb59"}
,"Y:\\RN_JEST\\src\\components\\Button\\Button.tsx": {"path":"Y:\\RN_JEST\\src\\components\\Button\\Button.tsx","statementMap":{"0":{"start":{"line":7,"column":47},"end":{"line":26,"column":1}},"1":{"start":{"line":15,"column":2},"end":{"line":25,"column":4}},"2":{"start":{"line":17,"column":21},"end":{"line":17,"column":30}}},"fnMap":{"0":{"name":"(anonymous_0)","decl":{"start":{"line":7,"column":47},"end":{"line":7,"column":48}},"loc":{"start":{"line":14,"column":6},"end":{"line":26,"column":1}},"line":14},"1":{"name":"(anonymous_1)","decl":{"start":{"line":8,"column":12},"end":{"line":8,"column":13}},"loc":{"start":{"line":8,"column":18},"end":{"line":8,"column":20}},"line":8},"2":{"name":"(anonymous_2)","decl":{"start":{"line":17,"column":15},"end":{"line":17,"column":16}},"loc":{"start":{"line":17,"column":21},"end":{"line":17,"column":30}},"line":17}},"branchMap":{"0":{"loc":{"start":{"line":8,"column":2},"end":{"line":8,"column":20}},"type":"default-arg","locations":[{"start":{"line":8,"column":12},"end":{"line":8,"column":20}}],"line":8},"1":{"loc":{"start":{"line":9,"column":2},"end":{"line":9,"column":18}},"type":"default-arg","locations":[{"start":{"line":9,"column":16},"end":{"line":9,"column":18}}],"line":9},"2":{"loc":{"start":{"line":10,"column":2},"end":{"line":10,"column":19}},"type":"default-arg","locations":[{"start":{"line":10,"column":17},"end":{"line":10,"column":19}}],"line":10},"3":{"loc":{"start":{"line":11,"column":2},"end":{"line":11,"column":17}},"type":"default-arg","locations":[{"start":{"line":11,"column":15},"end":{"line":11,"column":17}}],"line":11},"4":{"loc":{"start":{"line":12,"column":2},"end":{"line":12,"column":18}},"type":"default-arg","locations":[{"start":{"line":12,"column":16},"end":{"line":12,"column":18}}],"line":12},"5":{"loc":{"start":{"line":13,"column":2},"end":{"line":13,"column":12}},"type":"default-arg","locations":[{"start":{"line":13,"column":10},"end":{"line":13,"column":12}}],"line":13}},"s":{"0":5,"1":59,"2":5},"f":{"0":59,"1":0,"2":5},"b":{"0":[4],"1":[5],"2":[5],"3":[58],"4":[59],"5":[1]},"_coverageSchema":"1a1c01bbd47fc00a2c39e90264f33305004495a9","hash":"7dff8b5b141120cdecbc11bef087960424d04667"}
,"Y:\\RN_JEST\\src\\components\\Button\\button.styles.tsx": {"path":"Y:\\RN_JEST\\src\\components\\Button\\button.styles.tsx","statementMap":{"0":{"start":{"line":3,"column":28},"end":{"line":8,"column":1}},"1":{"start":{"line":10,"column":33},"end":{"line":13,"column":1}}},"fnMap":{},"branchMap":{},"s":{"0":5,"1":5},"f":{},"b":{},"_coverageSchema":"1a1c01bbd47fc00a2c39e90264f33305004495a9","hash":"eb0bfc2ae9e28d3e99d908c38d7a8464dbe78a50"}
,"Y:\\RN_JEST\\src\\components\\Button\\index.tsx": {"path":"Y:\\RN_JEST\\src\\components\\Button\\index.tsx","statementMap":{},"fnMap":{},"branchMap":{},"s":{},"f":{},"b":{},"_coverageSchema":"1a1c01bbd47fc00a2c39e90264f33305004495a9","hash":"87eb81d82b4dc6b253201039ee5b4ff85ba2176b"}
,"Y:\\RN_JEST\\src\\components\\Input\\Input.tsx": {"path":"Y:\\RN_JEST\\src\\components\\Input\\Input.tsx","statementMap":{"0":{"start":{"line":6,"column":47},"end":{"line":23,"column":1}},"1":{"start":{"line":13,"column":2},"end":{"line":22,"column":4}},"2":{"start":{"line":16,"column":30},"end":{"line":16,"column":44}}},"fnMap":{"0":{"name":"(anonymous_0)","decl":{"start":{"line":6,"column":47},"end":{"line":6,"column":48}},"loc":{"start":{"line":12,"column":6},"end":{"line":23,"column":1}},"line":12},"1":{"name":"(anonymous_1)","decl":{"start":{"line":10,"column":13},"end":{"line":10,"column":14}},"loc":{"start":{"line":10,"column":19},"end":{"line":10,"column":21}},"line":10},"2":{"name":"(anonymous_2)","decl":{"start":{"line":16,"column":20},"end":{"line":16,"column":21}},"loc":{"start":{"line":16,"column":30},"end":{"line":16,"column":44}},"line":16}},"branchMap":{"0":{"loc":{"start":{"line":7,"column":2},"end":{"line":7,"column":13}},"type":"default-arg","locations":[{"start":{"line":7,"column":11},"end":{"line":7,"column":13}}],"line":7},"1":{"loc":{"start":{"line":8,"column":2},"end":{"line":8,"column":12}},"type":"default-arg","locations":[{"start":{"line":8,"column":10},"end":{"line":8,"column":12}}],"line":8},"2":{"loc":{"start":{"line":9,"column":2},"end":{"line":9,"column":18}},"type":"default-arg","locations":[{"start":{"line":9,"column":16},"end":{"line":9,"column":18}}],"line":9},"3":{"loc":{"start":{"line":10,"column":2},"end":{"line":10,"column":21}},"type":"default-arg","locations":[{"start":{"line":10,"column":13},"end":{"line":10,"column":21}}],"line":10},"4":{"loc":{"start":{"line":11,"column":2},"end":{"line":11,"column":17}},"type":"default-arg","locations":[{"start":{"line":11,"column":13},"end":{"line":11,"column":17}}],"line":11}},"s":{"0":5,"1":26,"2":4},"f":{"0":26,"1":0,"2":4},"b":{"0":[4],"1":[3],"2":[2],"3":[2],"4":[26]},"_coverageSchema":"1a1c01bbd47fc00a2c39e90264f33305004495a9","hash":"7abf970cfc1c292aff12ca3c630eb8afb7aaef55"}
,"Y:\\RN_JEST\\src\\components\\Input\\index.tsx": {"path":"Y:\\RN_JEST\\src\\components\\Input\\index.tsx","statementMap":{},"fnMap":{},"branchMap":{},"s":{},"f":{},"b":{},"_coverageSchema":"1a1c01bbd47fc00a2c39e90264f33305004495a9","hash":"1fc6637c8076f24ee05c77f30379e59203c1407f"}
,"Y:\\RN_JEST\\src\\components\\Input\\input.styles.tsx": {"path":"Y:\\RN_JEST\\src\\components\\Input\\input.styles.tsx","statementMap":{"0":{"start":{"line":3,"column":31},"end":{"line":10,"column":1}}},"fnMap":{},"branchMap":{},"s":{"0":5},"f":{},"b":{},"_coverageSchema":"1a1c01bbd47fc00a2c39e90264f33305004495a9","hash":"8e553f45dbe9d9e9f9c5200c85e58bb766cf3246"}
,"Y:\\RN_JEST\\src\\components\\Text\\Text.tsx": {"path":"Y:\\RN_JEST\\src\\components\\Text\\Text.tsx","statementMap":{"0":{"start":{"line":6,"column":41},"end":{"line":11,"column":1}},"1":{"start":{"line":10,"column":2},"end":{"line":10,"column":64}}},"fnMap":{"0":{"name":"(anonymous_0)","decl":{"start":{"line":6,"column":41},"end":{"line":6,"column":42}},"loc":{"start":{"line":9,"column":6},"end":{"line":11,"column":1}},"line":9}},"branchMap":{"0":{"loc":{"start":{"line":7,"column":2},"end":{"line":7,"column":13}},"type":"default-arg","locations":[{"start":{"line":7,"column":11},"end":{"line":7,"column":13}}],"line":7},"1":{"loc":{"start":{"line":8,"column":2},"end":{"line":8,"column":12}},"type":"default-arg","locations":[{"start":{"line":8,"column":10},"end":{"line":8,"column":12}}],"line":8}},"s":{"0":5,"1":12},"f":{"0":12},"b":{"0":[2],"1":[1]},"_coverageSchema":"1a1c01bbd47fc00a2c39e90264f33305004495a9","hash":"ae4f9ac1a56e1a7bc041646f36552a54e01c0865"}
,"Y:\\RN_JEST\\src\\components\\Text\\index.tsx": {"path":"Y:\\RN_JEST\\src\\components\\Text\\index.tsx","statementMap":{},"fnMap":{},"branchMap":{},"s":{},"f":{},"b":{},"_coverageSchema":"1a1c01bbd47fc00a2c39e90264f33305004495a9","hash":"f306d655299185b87e39d8e54dc677ecf6f1f5dd"}
,"Y:\\RN_JEST\\src\\components\\Text\\text.styles.tsx": {"path":"Y:\\RN_JEST\\src\\components\\Text\\text.styles.tsx","statementMap":{"0":{"start":{"line":3,"column":26},"end":{"line":9,"column":1}}},"fnMap":{},"branchMap":{},"s":{"0":5},"f":{},"b":{},"_coverageSchema":"1a1c01bbd47fc00a2c39e90264f33305004495a9","hash":"846caea852d93ace46eac734b036530d05b512c4"}
,"Y:\\RN_JEST\\src\\containers\\index.tsx": {"path":"Y:\\RN_JEST\\src\\containers\\index.tsx","statementMap":{},"fnMap":{},"branchMap":{},"s":{},"f":{},"b":{},"_coverageSchema":"1a1c01bbd47fc00a2c39e90264f33305004495a9","hash":"66af5ef3f000f72dbc0ee14810072c653b8c6899"}
,"Y:\\RN_JEST\\src\\containers\\Header\\Header.tsx": {"path":"Y:\\RN_JEST\\src\\containers\\Header\\Header.tsx","statementMap":{"0":{"start":{"line":9,"column":39},"end":{"line":40,"column":1}},"1":{"start":{"line":15,"column":2},"end":{"line":39,"column":4}},"2":{"start":{"line":20,"column":31},"end":{"line":20,"column":48}},"3":{"start":{"line":26,"column":25},"end":{"line":26,"column":36}},"4":{"start":{"line":34,"column":23},"end":{"line":34,"column":39}}},"fnMap":{"0":{"name":"(anonymous_0)","decl":{"start":{"line":9,"column":39},"end":{"line":9,"column":40}},"loc":{"start":{"line":14,"column":6},"end":{"line":40,"column":1}},"line":14},"1":{"name":"(anonymous_1)","decl":{"start":{"line":20,"column":20},"end":{"line":20,"column":21}},"loc":{"start":{"line":20,"column":31},"end":{"line":20,"column":48}},"line":20},"2":{"name":"(anonymous_2)","decl":{"start":{"line":26,"column":19},"end":{"line":26,"column":20}},"loc":{"start":{"line":26,"column":25},"end":{"line":26,"column":36}},"line":26},"3":{"name":"(anonymous_3)","decl":{"start":{"line":34,"column":17},"end":{"line":34,"column":18}},"loc":{"start":{"line":34,"column":23},"end":{"line":34,"column":39}},"line":34}},"branchMap":{"0":{"loc":{"start":{"line":10,"column":2},"end":{"line":10,"column":16}},"type":"default-arg","locations":[{"start":{"line":10,"column":14},"end":{"line":10,"column":16}}],"line":10}},"s":{"0":3,"1":22,"2":2,"3":1,"4":2},"f":{"0":22,"1":2,"2":1,"3":2},"b":{"0":[5]},"_coverageSchema":"1a1c01bbd47fc00a2c39e90264f33305004495a9","hash":"60669d0d87f8e441ec6d608329417bfa60fb43aa"}
,"Y:\\RN_JEST\\src\\containers\\Header\\header.styles.tsx": {"path":"Y:\\RN_JEST\\src\\containers\\Header\\header.styles.tsx","statementMap":{"0":{"start":{"line":3,"column":25},"end":{"line":8,"column":1}}},"fnMap":{},"branchMap":{},"s":{"0":3},"f":{},"b":{},"_coverageSchema":"1a1c01bbd47fc00a2c39e90264f33305004495a9","hash":"8be082fe8a913f96974a92251aac132395597f69"}
,"Y:\\RN_JEST\\src\\containers\\Header\\index.tsx": {"path":"Y:\\RN_JEST\\src\\containers\\Header\\index.tsx","statementMap":{},"fnMap":{},"branchMap":{},"s":{},"f":{},"b":{},"_coverageSchema":"1a1c01bbd47fc00a2c39e90264f33305004495a9","hash":"e6ffdb47c326a4131cec671fafcf045878b87326"}
,"Y:\\RN_JEST\\src\\containers\\List\\List.tsx": {"path":"Y:\\RN_JEST\\src\\containers\\List\\List.tsx","statementMap":{"0":{"start":{"line":9,"column":35},"end":{"line":36,"column":1}},"1":{"start":{"line":10,"column":2},"end":{"line":35,"column":4}},"2":{"start":{"line":14,"column":10},"end":{"line":32,"column":12}},"3":{"start":{"line":19,"column":31},"end":{"line":19,"column":51}}},"fnMap":{"0":{"name":"(anonymous_0)","decl":{"start":{"line":9,"column":35},"end":{"line":9,"column":36}},"loc":{"start":{"line":9,"column":66},"end":{"line":36,"column":1}},"line":9},"1":{"name":"(anonymous_1)","decl":{"start":{"line":13,"column":17},"end":{"line":13,"column":18}},"loc":{"start":{"line":13,"column":46},"end":{"line":33,"column":9}},"line":13},"2":{"name":"(anonymous_2)","decl":{"start":{"line":19,"column":25},"end":{"line":19,"column":26}},"loc":{"start":{"line":19,"column":31},"end":{"line":19,"column":51}},"line":19}},"branchMap":{"0":{"loc":{"start":{"line":9,"column":38},"end":{"line":9,"column":47}},"type":"default-arg","locations":[{"start":{"line":9,"column":45},"end":{"line":9,"column":47}}],"line":9},"1":{"loc":{"start":{"line":12,"column":7},"end":{"line":33,"column":10}},"type":"binary-expr","locations":[{"start":{"line":12,"column":7},"end":{"line":12,"column":20}},{"start":{"line":13,"column":8},"end":{"line":33,"column":10}}],"line":12}},"s":{"0":3,"1":20,"2":10,"3":1},"f":{"0":20,"1":10,"2":1},"b":{"0":[6],"1":[20,6]},"_coverageSchema":"1a1c01bbd47fc00a2c39e90264f33305004495a9","hash":"594e93f1ec74e8a109d68cb0bdfd649470138c94"}
,"Y:\\RN_JEST\\src\\containers\\List\\index.tsx": {"path":"Y:\\RN_JEST\\src\\containers\\List\\index.tsx","statementMap":{},"fnMap":{},"branchMap":{},"s":{},"f":{},"b":{},"_coverageSchema":"1a1c01bbd47fc00a2c39e90264f33305004495a9","hash":"d14b0fe7a6d60bb9e233b472073264a7d49f4a29"}
,"Y:\\RN_JEST\\src\\containers\\List\\list.styles.tsx": {"path":"Y:\\RN_JEST\\src\\containers\\List\\list.styles.tsx","statementMap":{"0":{"start":{"line":3,"column":25},"end":{"line":9,"column":1}}},"fnMap":{},"branchMap":{},"s":{"0":3},"f":{},"b":{},"_coverageSchema":"1a1c01bbd47fc00a2c39e90264f33305004495a9","hash":"deddfc3604b29dffeaaca99760a67b005903c0ed"}
,"Y:\\RN_JEST\\src\\containers\\Todo\\Todo.tsx": {"path":"Y:\\RN_JEST\\src\\containers\\Todo\\Todo.tsx","statementMap":{"0":{"start":{"line":11,"column":24},"end":{"line":49,"column":2}},"1":{"start":{"line":12,"column":26},"end":{"line":12,"column":46}},"2":{"start":{"line":13,"column":26},"end":{"line":13,"column":60}},"3":{"start":{"line":15,"column":2},"end":{"line":21,"column":9}},"4":{"start":{"line":16,"column":4},"end":{"line":19,"column":9}},"5":{"start":{"line":17,"column":47},"end":{"line":17,"column":66}},"6":{"start":{"line":18,"column":6},"end":{"line":18,"column":33}},"7":{"start":{"line":20,"column":4},"end":{"line":20,"column":20}},"8":{"start":{"line":23,"column":18},"end":{"line":28,"column":3}},"9":{"start":{"line":24,"column":4},"end":{"line":24,"column":30}},"10":{"start":{"line":24,"column":23},"end":{"line":24,"column":30}},"11":{"start":{"line":26,"column":4},"end":{"line":26,"column":52}},"12":{"start":{"line":27,"column":4},"end":{"line":27,"column":16}},"13":{"start":{"line":30,"column":21},"end":{"line":35,"column":3}},"14":{"start":{"line":31,"column":4},"end":{"line":31,"column":30}},"15":{"start":{"line":31,"column":23},"end":{"line":31,"column":30}},"16":{"start":{"line":33,"column":21},"end":{"line":33,"column":65}},"17":{"start":{"line":33,"column":43},"end":{"line":33,"column":64}},"18":{"start":{"line":34,"column":4},"end":{"line":34,"column":22}},"19":{"start":{"line":37,"column":2},"end":{"line":48,"column":4}},"20":{"start":{"line":41,"column":31},"end":{"line":41,"column":45}},"21":{"start":{"line":42,"column":25},"end":{"line":42,"column":36}},"22":{"start":{"line":43,"column":26},"end":{"line":43,"column":40}},"23":{"start":{"line":46,"column":46},"end":{"line":46,"column":62}}},"fnMap":{"0":{"name":"(anonymous_0)","decl":{"start":{"line":11,"column":35},"end":{"line":11,"column":36}},"loc":{"start":{"line":11,"column":41},"end":{"line":49,"column":1}},"line":11},"1":{"name":"(anonymous_1)","decl":{"start":{"line":15,"column":12},"end":{"line":15,"column":13}},"loc":{"start":{"line":15,"column":18},"end":{"line":21,"column":3}},"line":15},"2":{"name":"(anonymous_2)","decl":{"start":{"line":16,"column":5},"end":{"line":16,"column":6}},"loc":{"start":{"line":16,"column":17},"end":{"line":19,"column":5}},"line":16},"3":{"name":"(anonymous_3)","decl":{"start":{"line":20,"column":11},"end":{"line":20,"column":12}},"loc":{"start":{"line":20,"column":17},"end":{"line":20,"column":19}},"line":20},"4":{"name":"(anonymous_4)","decl":{"start":{"line":23,"column":18},"end":{"line":23,"column":19}},"loc":{"start":{"line":23,"column":43},"end":{"line":28,"column":3}},"line":23},"5":{"name":"(anonymous_5)","decl":{"start":{"line":30,"column":21},"end":{"line":30,"column":22}},"loc":{"start":{"line":30,"column":48},"end":{"line":35,"column":3}},"line":30},"6":{"name":"(anonymous_6)","decl":{"start":{"line":33,"column":33},"end":{"line":33,"column":34}},"loc":{"start":{"line":33,"column":43},"end":{"line":33,"column":64}},"line":33},"7":{"name":"(anonymous_7)","decl":{"start":{"line":41,"column":20},"end":{"line":41,"column":21}},"loc":{"start":{"line":41,"column":31},"end":{"line":41,"column":45}},"line":41},"8":{"name":"(anonymous_8)","decl":{"start":{"line":42,"column":19},"end":{"line":42,"column":20}},"loc":{"start":{"line":42,"column":25},"end":{"line":42,"column":36}},"line":42},"9":{"name":"(anonymous_9)","decl":{"start":{"line":43,"column":15},"end":{"line":43,"column":16}},"loc":{"start":{"line":43,"column":26},"end":{"line":43,"column":40}},"line":43},"10":{"name":"(anonymous_10)","decl":{"start":{"line":46,"column":36},"end":{"line":46,"column":37}},"loc":{"start":{"line":46,"column":46},"end":{"line":46,"column":62}},"line":46}},"branchMap":{"0":{"loc":{"start":{"line":24,"column":4},"end":{"line":24,"column":30}},"type":"if","locations":[{"start":{"line":24,"column":4},"end":{"line":24,"column":30}},{"start":{"line":24,"column":4},"end":{"line":24,"column":30}}],"line":24},"1":{"loc":{"start":{"line":31,"column":4},"end":{"line":31,"column":30}},"type":"if","locations":[{"start":{"line":31,"column":4},"end":{"line":31,"column":30}},{"start":{"line":31,"column":4},"end":{"line":31,"column":30}}],"line":31}},"s":{"0":2,"1":17,"2":17,"3":17,"4":7,"5":7,"6":6,"7":7,"8":17,"9":2,"10":0,"11":2,"12":2,"13":17,"14":0,"15":0,"16":0,"17":0,"18":0,"19":17,"20":2,"21":0,"22":2,"23":0},"f":{"0":17,"1":7,"2":7,"3":7,"4":2,"5":0,"6":0,"7":2,"8":0,"9":2,"10":0},"b":{"0":[0,2],"1":[0,0]},"_coverageSchema":"1a1c01bbd47fc00a2c39e90264f33305004495a9","hash":"96cd641048b2d9c5db180604ea3bc9b3f4f046d6"}
,"Y:\\RN_JEST\\src\\containers\\Todo\\index.tsx": {"path":"Y:\\RN_JEST\\src\\containers\\Todo\\index.tsx","statementMap":{},"fnMap":{},"branchMap":{},"s":{},"f":{},"b":{},"_coverageSchema":"1a1c01bbd47fc00a2c39e90264f33305004495a9","hash":"3eefc7e1a9d7eafd510fe80df621777121480b25"}
,"Y:\\RN_JEST\\src\\services\\api.ts": {"path":"Y:\\RN_JEST\\src\\services\\api.ts","statementMap":{"0":{"start":{"line":8,"column":4},"end":{"line":12,"column":7}},"1":{"start":{"line":9,"column":6},"end":{"line":11,"column":15}},"2":{"start":{"line":10,"column":8},"end":{"line":10,"column":27}}},"fnMap":{"0":{"name":"(anonymous_0)","decl":{"start":{"line":7,"column":11},"end":{"line":7,"column":12}},"loc":{"start":{"line":7,"column":37},"end":{"line":13,"column":3}},"line":7},"1":{"name":"(anonymous_1)","decl":{"start":{"line":8,"column":28},"end":{"line":8,"column":29}},"loc":{"start":{"line":8,"column":41},"end":{"line":12,"column":5}},"line":8},"2":{"name":"(anonymous_2)","decl":{"start":{"line":9,"column":17},"end":{"line":9,"column":18}},"loc":{"start":{"line":9,"column":23},"end":{"line":11,"column":7}},"line":9}},"branchMap":{},"s":{"0":1,"1":1,"2":0},"f":{"0":1,"1":1,"2":0},"b":{},"_coverageSchema":"1a1c01bbd47fc00a2c39e90264f33305004495a9","hash":"66f62e7d953be703d8ee863ab992e2b6076f6577"}
}
