{"Y:\\RN_JEST\\src\\App.tsx": {"path":"Y:\\RN_JEST\\src\\App.tsx","statementMap":{"0":{"start":{"line":6,"column":33},"end":{"line":13,"column":1}},"1":{"start":{"line":7,"column":2},"end":{"line":12,"column":4}}},"fnMap":{"0":{"name":"(anonymous_0)","decl":{"start":{"line":6,"column":33},"end":{"line":6,"column":34}},"loc":{"start":{"line":6,"column":39},"end":{"line":13,"column":1}},"line":6}},"branchMap":{},"s":{"0":1,"1":1},"f":{"0":1},"b":{},"_coverageSchema":"1a1c01bbd47fc00a2c39e90264f33305004495a9","hash":"856220214785a41a7f167b2f515cf0bac08f8674"}
,"Y:\\RN_JEST\\src\\components\\index.tsx": {"path":"Y:\\RN_JEST\\src\\components\\index.tsx","statementMap":{},"fnMap":{},"branchMap":{},"s":{},"f":{},"b":{},"_coverageSchema":"1a1c01bbd47fc00a2c39e90264f33305004495a9","hash":"d35f923e1633d2a528e50a36e331346e4072cb59"}
,"Y:\\RN_JEST\\src\\components\\Button\\Button.tsx": {"path":"Y:\\RN_JEST\\src\\components\\Button\\Button.tsx","statementMap":{"0":{"start":{"line":7,"column":47},"end":{"line":26,"column":1}},"1":{"start":{"line":15,"column":2},"end":{"line":25,"column":4}},"2":{"start":{"line":17,"column":21},"end":{"line":17,"column":30}}},"fnMap":{"0":{"name":"(anonymous_0)","decl":{"start":{"line":7,"column":47},"end":{"line":7,"column":48}},"loc":{"start":{"line":14,"column":6},"end":{"line":26,"column":1}},"line":14},"1":{"name":"(anonymous_1)","decl":{"start":{"line":8,"column":12},"end":{"line":8,"column":13}},"loc":{"start":{"line":8,"column":18},"end":{"line":8,"column":20}},"line":8},"2":{"name":"(anonymous_2)","decl":{"start":{"line":17,"column":15},"end":{"line":17,"column":16}},"loc":{"start":{"line":17,"column":21},"end":{"line":17,"column":30}},"line":17}},"branchMap":{"0":{"loc":{"start":{"line":8,"column":2},"end":{"line":8,"column":20}},"type":"default-arg","locations":[{"start":{"line":8,"column":12},"end":{"line":8,"column":20}}],"line":8},"1":{"loc":{"start":{"line":9,"column":2},"end":{"line":9,"column":18}},"type":"default-arg","locations":[{"start":{"line":9,"column":16},"end":{"line":9,"column":18}}],"line":9},"2":{"loc":{"start":{"line":10,"column":2},"end":{"line":10,"column":19}},"type":"default-arg","locations":[{"start":{"line":10,"column":17},"end":{"line":10,"column":19}}],"line":10},"3":{"loc":{"start":{"line":11,"column":2},"end":{"line":11,"column":17}},"type":"default-arg","locations":[{"start":{"line":11,"column":15},"end":{"line":11,"column":17}}],"line":11},"4":{"loc":{"start":{"line":12,"column":2},"end":{"line":12,"column":18}},"type":"default-arg","locations":[{"start":{"line":12,"column":16},"end":{"line":12,"column":18}}],"line":12},"5":{"loc":{"start":{"line":13,"column":2},"end":{"line":13,"column":12}},"type":"default-arg","locations":[{"start":{"line":13,"column":10},"end":{"line":13,"column":12}}],"line":13}},"s":{"0":5,"1":43,"2":5},"f":{"0":43,"1":0,"2":5},"b":{"0":[4],"1":[5],"2":[5],"3":[42],"4":[43],"5":[1]},"_coverageSchema":"1a1c01bbd47fc00a2c39e90264f33305004495a9","hash":"7dff8b5b141120cdecbc11bef087960424d04667"}
,"Y:\\RN_JEST\\src\\components\\Button\\button.styles.tsx": {"path":"Y:\\RN_JEST\\src\\components\\Button\\button.styles.tsx","statementMap":{"0":{"start":{"line":3,"column":28},"end":{"line":8,"column":1}},"1":{"start":{"line":10,"column":33},"end":{"line":13,"column":1}}},"fnMap":{},"branchMap":{},"s":{"0":5,"1":5},"f":{},"b":{},"_coverageSchema":"1a1c01bbd47fc00a2c39e90264f33305004495a9","hash":"eb0bfc2ae9e28d3e99d908c38d7a8464dbe78a50"}
,"Y:\\RN_JEST\\src\\components\\Button\\index.tsx": {"path":"Y:\\RN_JEST\\src\\components\\Button\\index.tsx","statementMap":{},"fnMap":{},"branchMap":{},"s":{},"f":{},"b":{},"_coverageSchema":"1a1c01bbd47fc00a2c39e90264f33305004495a9","hash":"87eb81d82b4dc6b253201039ee5b4ff85ba2176b"}
,"Y:\\RN_JEST\\src\\components\\Input\\Input.tsx": {"path":"Y:\\RN_JEST\\src\\components\\Input\\Input.tsx","statementMap":{"0":{"start":{"line":6,"column":47},"end":{"line":23,"column":1}},"1":{"start":{"line":13,"column":2},"end":{"line":22,"column":4}},"2":{"start":{"line":16,"column":30},"end":{"line":16,"column":44}}},"fnMap":{"0":{"name":"(anonymous_0)","decl":{"start":{"line":6,"column":47},"end":{"line":6,"column":48}},"loc":{"start":{"line":12,"column":6},"end":{"line":23,"column":1}},"line":12},"1":{"name":"(anonymous_1)","decl":{"start":{"line":10,"column":13},"end":{"line":10,"column":14}},"loc":{"start":{"line":10,"column":19},"end":{"line":10,"column":21}},"line":10},"2":{"name":"(anonymous_2)","decl":{"start":{"line":16,"column":20},"end":{"line":16,"column":21}},"loc":{"start":{"line":16,"column":30},"end":{"line":16,"column":44}},"line":16}},"branchMap":{"0":{"loc":{"start":{"line":7,"column":2},"end":{"line":7,"column":13}},"type":"default-arg","locations":[{"start":{"line":7,"column":11},"end":{"line":7,"column":13}}],"line":7},"1":{"loc":{"start":{"line":8,"column":2},"end":{"line":8,"column":12}},"type":"default-arg","locations":[{"start":{"line":8,"column":10},"end":{"line":8,"column":12}}],"line":8},"2":{"loc":{"start":{"line":9,"column":2},"end":{"line":9,"column":18}},"type":"default-arg","locations":[{"start":{"line":9,"column":16},"end":{"line":9,"column":18}}],"line":9},"3":{"loc":{"start":{"line":10,"column":2},"end":{"line":10,"column":21}},"type":"default-arg","locations":[{"start":{"line":10,"column":13},"end":{"line":10,"column":21}}],"line":10},"4":{"loc":{"start":{"line":11,"column":2},"end":{"line":11,"column":17}},"type":"default-arg","locations":[{"start":{"line":11,"column":13},"end":{"line":11,"column":17}}],"line":11}},"s":{"0":5,"1":19,"2":4},"f":{"0":19,"1":0,"2":4},"b":{"0":[4],"1":[3],"2":[2],"3":[2],"4":[19]},"_coverageSchema":"1a1c01bbd47fc00a2c39e90264f33305004495a9","hash":"7abf970cfc1c292aff12ca3c630eb8afb7aaef55"}
,"Y:\\RN_JEST\\src\\components\\Input\\index.tsx": {"path":"Y:\\RN_JEST\\src\\components\\Input\\index.tsx","statementMap":{},"fnMap":{},"branchMap":{},"s":{},"f":{},"b":{},"_coverageSchema":"1a1c01bbd47fc00a2c39e90264f33305004495a9","hash":"1fc6637c8076f24ee05c77f30379e59203c1407f"}
,"Y:\\RN_JEST\\src\\components\\Input\\input.styles.tsx": {"path":"Y:\\RN_JEST\\src\\components\\Input\\input.styles.tsx","statementMap":{"0":{"start":{"line":3,"column":31},"end":{"line":10,"column":1}}},"fnMap":{},"branchMap":{},"s":{"0":5},"f":{},"b":{},"_coverageSchema":"1a1c01bbd47fc00a2c39e90264f33305004495a9","hash":"8e553f45dbe9d9e9f9c5200c85e58bb766cf3246"}
,"Y:\\RN_JEST\\src\\components\\Text\\Text.tsx": {"path":"Y:\\RN_JEST\\src\\components\\Text\\Text.tsx","statementMap":{"0":{"start":{"line":6,"column":41},"end":{"line":11,"column":1}},"1":{"start":{"line":10,"column":2},"end":{"line":10,"column":64}}},"fnMap":{"0":{"name":"(anonymous_0)","decl":{"start":{"line":6,"column":41},"end":{"line":6,"column":42}},"loc":{"start":{"line":9,"column":6},"end":{"line":11,"column":1}},"line":9}},"branchMap":{"0":{"loc":{"start":{"line":7,"column":2},"end":{"line":7,"column":13}},"type":"default-arg","locations":[{"start":{"line":7,"column":11},"end":{"line":7,"column":13}}],"line":7},"1":{"loc":{"start":{"line":8,"column":2},"end":{"line":8,"column":12}},"type":"default-arg","locations":[{"start":{"line":8,"column":10},"end":{"line":8,"column":12}}],"line":8}},"s":{"0":5,"1":10},"f":{"0":10},"b":{"0":[2],"1":[1]},"_coverageSchema":"1a1c01bbd47fc00a2c39e90264f33305004495a9","hash":"ae4f9ac1a56e1a7bc041646f36552a54e01c0865"}
,"Y:\\RN_JEST\\src\\components\\Text\\index.tsx": {"path":"Y:\\RN_JEST\\src\\components\\Text\\index.tsx","statementMap":{},"fnMap":{},"branchMap":{},"s":{},"f":{},"b":{},"_coverageSchema":"1a1c01bbd47fc00a2c39e90264f33305004495a9","hash":"f306d655299185b87e39d8e54dc677ecf6f1f5dd"}
,"Y:\\RN_JEST\\src\\components\\Text\\text.styles.tsx": {"path":"Y:\\RN_JEST\\src\\components\\Text\\text.styles.tsx","statementMap":{"0":{"start":{"line":3,"column":26},"end":{"line":9,"column":1}}},"fnMap":{},"branchMap":{},"s":{"0":5},"f":{},"b":{},"_coverageSchema":"1a1c01bbd47fc00a2c39e90264f33305004495a9","hash":"846caea852d93ace46eac734b036530d05b512c4"}
,"Y:\\RN_JEST\\src\\containers\\index.tsx": {"path":"Y:\\RN_JEST\\src\\containers\\index.tsx","statementMap":{},"fnMap":{},"branchMap":{},"s":{},"f":{},"b":{},"_coverageSchema":"1a1c01bbd47fc00a2c39e90264f33305004495a9","hash":"66af5ef3f000f72dbc0ee14810072c653b8c6899"}
,"Y:\\RN_JEST\\src\\containers\\Header\\Header.tsx": {"path":"Y:\\RN_JEST\\src\\containers\\Header\\Header.tsx","statementMap":{"0":{"start":{"line":9,"column":39},"end":{"line":40,"column":1}},"1":{"start":{"line":15,"column":2},"end":{"line":39,"column":4}},"2":{"start":{"line":20,"column":31},"end":{"line":20,"column":48}},"3":{"start":{"line":26,"column":25},"end":{"line":26,"column":36}},"4":{"start":{"line":34,"column":23},"end":{"line":34,"column":39}}},"fnMap":{"0":{"name":"(anonymous_0)","decl":{"start":{"line":9,"column":39},"end":{"line":9,"column":40}},"loc":{"start":{"line":14,"column":6},"end":{"line":40,"column":1}},"line":14},"1":{"name":"(anonymous_1)","decl":{"start":{"line":20,"column":20},"end":{"line":20,"column":21}},"loc":{"start":{"line":20,"column":31},"end":{"line":20,"column":48}},"line":20},"2":{"name":"(anonymous_2)","decl":{"start":{"line":26,"column":19},"end":{"line":26,"column":20}},"loc":{"start":{"line":26,"column":25},"end":{"line":26,"column":36}},"line":26},"3":{"name":"(anonymous_3)","decl":{"start":{"line":34,"column":17},"end":{"line":34,"column":18}},"loc":{"start":{"line":34,"column":23},"end":{"line":34,"column":39}},"line":34}},"branchMap":{"0":{"loc":{"start":{"line":10,"column":2},"end":{"line":10,"column":16}},"type":"default-arg","locations":[{"start":{"line":10,"column":14},"end":{"line":10,"column":16}}],"line":10}},"s":{"0":3,"1":15,"2":2,"3":1,"4":2},"f":{"0":15,"1":2,"2":1,"3":2},"b":{"0":[5]},"_coverageSchema":"1a1c01bbd47fc00a2c39e90264f33305004495a9","hash":"60669d0d87f8e441ec6d608329417bfa60fb43aa"}
,"Y:\\RN_JEST\\src\\containers\\Header\\header.styles.tsx": {"path":"Y:\\RN_JEST\\src\\containers\\Header\\header.styles.tsx","statementMap":{"0":{"start":{"line":3,"column":25},"end":{"line":8,"column":1}}},"fnMap":{},"branchMap":{},"s":{"0":3},"f":{},"b":{},"_coverageSchema":"1a1c01bbd47fc00a2c39e90264f33305004495a9","hash":"8be082fe8a913f96974a92251aac132395597f69"}
,"Y:\\RN_JEST\\src\\containers\\Header\\index.tsx": {"path":"Y:\\RN_JEST\\src\\containers\\Header\\index.tsx","statementMap":{},"fnMap":{},"branchMap":{},"s":{},"f":{},"b":{},"_coverageSchema":"1a1c01bbd47fc00a2c39e90264f33305004495a9","hash":"e6ffdb47c326a4131cec671fafcf045878b87326"}
,"Y:\\RN_JEST\\src\\containers\\List\\List.tsx": {"path":"Y:\\RN_JEST\\src\\containers\\List\\List.tsx","statementMap":{"0":{"start":{"line":9,"column":35},"end":{"line":36,"column":1}},"1":{"start":{"line":10,"column":2},"end":{"line":35,"column":4}},"2":{"start":{"line":14,"column":10},"end":{"line":32,"column":12}},"3":{"start":{"line":19,"column":31},"end":{"line":19,"column":57}}},"fnMap":{"0":{"name":"(anonymous_0)","decl":{"start":{"line":9,"column":35},"end":{"line":9,"column":36}},"loc":{"start":{"line":9,"column":66},"end":{"line":36,"column":1}},"line":9},"1":{"name":"(anonymous_1)","decl":{"start":{"line":13,"column":17},"end":{"line":13,"column":18}},"loc":{"start":{"line":13,"column":46},"end":{"line":33,"column":9}},"line":13},"2":{"name":"(anonymous_2)","decl":{"start":{"line":19,"column":25},"end":{"line":19,"column":26}},"loc":{"start":{"line":19,"column":31},"end":{"line":19,"column":57}},"line":19}},"branchMap":{"0":{"loc":{"start":{"line":9,"column":38},"end":{"line":9,"column":47}},"type":"default-arg","locations":[{"start":{"line":9,"column":45},"end":{"line":9,"column":47}}],"line":9},"1":{"loc":{"start":{"line":12,"column":7},"end":{"line":33,"column":10}},"type":"binary-expr","locations":[{"start":{"line":12,"column":7},"end":{"line":12,"column":20}},{"start":{"line":13,"column":8},"end":{"line":33,"column":10}}],"line":12}},"s":{"0":3,"1":13,"2":8,"3":1},"f":{"0":13,"1":8,"2":1},"b":{"0":[1],"1":[13,5]},"_coverageSchema":"1a1c01bbd47fc00a2c39e90264f33305004495a9","hash":"81b4c81f422984fbb9e1523a8e293a3216aaf0e0"}
,"Y:\\RN_JEST\\src\\containers\\List\\index.tsx": {"path":"Y:\\RN_JEST\\src\\containers\\List\\index.tsx","statementMap":{},"fnMap":{},"branchMap":{},"s":{},"f":{},"b":{},"_coverageSchema":"1a1c01bbd47fc00a2c39e90264f33305004495a9","hash":"d14b0fe7a6d60bb9e233b472073264a7d49f4a29"}
,"Y:\\RN_JEST\\src\\containers\\List\\list.styles.tsx": {"path":"Y:\\RN_JEST\\src\\containers\\List\\list.styles.tsx","statementMap":{"0":{"start":{"line":3,"column":25},"end":{"line":9,"column":1}}},"fnMap":{},"branchMap":{},"s":{"0":3},"f":{},"b":{},"_coverageSchema":"1a1c01bbd47fc00a2c39e90264f33305004495a9","hash":"deddfc3604b29dffeaaca99760a67b005903c0ed"}
,"Y:\\RN_JEST\\src\\containers\\Todo\\Todo.tsx": {"path":"Y:\\RN_JEST\\src\\containers\\Todo\\Todo.tsx","statementMap":{"0":{"start":{"line":9,"column":41},"end":{"line":47,"column":1}},"1":{"start":{"line":10,"column":26},"end":{"line":10,"column":46}},"2":{"start":{"line":11,"column":26},"end":{"line":11,"column":60}},"3":{"start":{"line":13,"column":18},"end":{"line":18,"column":3}},"4":{"start":{"line":14,"column":4},"end":{"line":14,"column":30}},"5":{"start":{"line":14,"column":23},"end":{"line":14,"column":30}},"6":{"start":{"line":16,"column":4},"end":{"line":16,"column":52}},"7":{"start":{"line":17,"column":4},"end":{"line":17,"column":16}},"8":{"start":{"line":20,"column":21},"end":{"line":30,"column":3}},"9":{"start":{"line":24,"column":4},"end":{"line":24,"column":35}},"10":{"start":{"line":24,"column":28},"end":{"line":24,"column":35}},"11":{"start":{"line":26,"column":21},"end":{"line":28,"column":5}},"12":{"start":{"line":27,"column":16},"end":{"line":27,"column":37}},"13":{"start":{"line":29,"column":4},"end":{"line":29,"column":22}},"14":{"start":{"line":32,"column":2},"end":{"line":46,"column":4}},"15":{"start":{"line":36,"column":31},"end":{"line":36,"column":45}},"16":{"start":{"line":37,"column":25},"end":{"line":37,"column":36}},"17":{"start":{"line":38,"column":26},"end":{"line":38,"column":40}},"18":{"start":{"line":43,"column":36},"end":{"line":43,"column":58}}},"fnMap":{"0":{"name":"(anonymous_0)","decl":{"start":{"line":9,"column":41},"end":{"line":9,"column":42}},"loc":{"start":{"line":9,"column":47},"end":{"line":47,"column":1}},"line":9},"1":{"name":"(anonymous_1)","decl":{"start":{"line":13,"column":18},"end":{"line":13,"column":19}},"loc":{"start":{"line":13,"column":43},"end":{"line":18,"column":3}},"line":13},"2":{"name":"(anonymous_2)","decl":{"start":{"line":20,"column":21},"end":{"line":20,"column":22}},"loc":{"start":{"line":23,"column":7},"end":{"line":30,"column":3}},"line":23},"3":{"name":"(anonymous_3)","decl":{"start":{"line":27,"column":6},"end":{"line":27,"column":7}},"loc":{"start":{"line":27,"column":16},"end":{"line":27,"column":37}},"line":27},"4":{"name":"(anonymous_4)","decl":{"start":{"line":36,"column":20},"end":{"line":36,"column":21}},"loc":{"start":{"line":36,"column":31},"end":{"line":36,"column":45}},"line":36},"5":{"name":"(anonymous_5)","decl":{"start":{"line":37,"column":19},"end":{"line":37,"column":20}},"loc":{"start":{"line":37,"column":25},"end":{"line":37,"column":36}},"line":37},"6":{"name":"(anonymous_6)","decl":{"start":{"line":38,"column":15},"end":{"line":38,"column":16}},"loc":{"start":{"line":38,"column":26},"end":{"line":38,"column":40}},"line":38},"7":{"name":"(anonymous_7)","decl":{"start":{"line":43,"column":20},"end":{"line":43,"column":21}},"loc":{"start":{"line":43,"column":36},"end":{"line":43,"column":58}},"line":43}},"branchMap":{"0":{"loc":{"start":{"line":14,"column":4},"end":{"line":14,"column":30}},"type":"if","locations":[{"start":{"line":14,"column":4},"end":{"line":14,"column":30}},{"start":{"line":14,"column":4},"end":{"line":14,"column":30}}],"line":14},"1":{"loc":{"start":{"line":24,"column":4},"end":{"line":24,"column":35}},"type":"if","locations":[{"start":{"line":24,"column":4},"end":{"line":24,"column":35}},{"start":{"line":24,"column":4},"end":{"line":24,"column":35}}],"line":24}},"s":{"0":2,"1":10,"2":10,"3":10,"4":2,"5":0,"6":2,"7":2,"8":10,"9":0,"10":0,"11":0,"12":0,"13":0,"14":10,"15":2,"16":0,"17":2,"18":0},"f":{"0":10,"1":2,"2":0,"3":0,"4":2,"5":0,"6":2,"7":0},"b":{"0":[0,2],"1":[0,0]},"_coverageSchema":"1a1c01bbd47fc00a2c39e90264f33305004495a9","hash":"670e18a3089a090f6e7f69db1028395412644008"}
,"Y:\\RN_JEST\\src\\containers\\Todo\\index.tsx": {"path":"Y:\\RN_JEST\\src\\containers\\Todo\\index.tsx","statementMap":{},"fnMap":{},"branchMap":{},"s":{},"f":{},"b":{},"_coverageSchema":"1a1c01bbd47fc00a2c39e90264f33305004495a9","hash":"3eefc7e1a9d7eafd510fe80df621777121480b25"}
}
