TN:
SF:src\App.tsx
FN:6,(anonymous_0)
FNF:1
FNH:1
FNDA:1,(anonymous_0)
DA:6,1
DA:7,1
LF:2
LH:2
BRF:0
BRH:0
end_of_record
TN:
SF:src\components\index.tsx
FNF:0
FNH:0
LF:0
LH:0
BRF:0
BRH:0
end_of_record
TN:
SF:src\components\Button\Button.tsx
FN:7,(anonymous_0)
FN:8,(anonymous_1)
FN:17,(anonymous_2)
FNF:3
FNH:2
FNDA:43,(anonymous_0)
FNDA:0,(anonymous_1)
FNDA:5,(anonymous_2)
DA:7,5
DA:15,43
DA:17,5
LF:3
LH:3
BRDA:8,0,0,4
BRDA:9,1,0,5
BRDA:10,2,0,5
BRDA:11,3,0,42
BRDA:12,4,0,43
BRDA:13,5,0,1
BRF:6
BRH:6
end_of_record
TN:
SF:src\components\Button\button.styles.tsx
FNF:0
FNH:0
DA:3,5
DA:10,5
LF:2
LH:2
BRF:0
BRH:0
end_of_record
TN:
SF:src\components\Button\index.tsx
FNF:0
FNH:0
LF:0
LH:0
BRF:0
BRH:0
end_of_record
TN:
SF:src\components\Input\Input.tsx
FN:6,(anonymous_0)
FN:10,(anonymous_1)
FN:16,(anonymous_2)
FNF:3
FNH:2
FNDA:19,(anonymous_0)
FNDA:0,(anonymous_1)
FNDA:4,(anonymous_2)
DA:6,5
DA:13,19
DA:16,4
LF:3
LH:3
BRDA:7,0,0,4
BRDA:8,1,0,3
BRDA:9,2,0,2
BRDA:10,3,0,2
BRDA:11,4,0,19
BRF:5
BRH:5
end_of_record
TN:
SF:src\components\Input\index.tsx
FNF:0
FNH:0
LF:0
LH:0
BRF:0
BRH:0
end_of_record
TN:
SF:src\components\Input\input.styles.tsx
FNF:0
FNH:0
DA:3,5
LF:1
LH:1
BRF:0
BRH:0
end_of_record
TN:
SF:src\components\Text\Text.tsx
FN:6,(anonymous_0)
FNF:1
FNH:1
FNDA:10,(anonymous_0)
DA:6,5
DA:10,10
LF:2
LH:2
BRDA:7,0,0,2
BRDA:8,1,0,1
BRF:2
BRH:2
end_of_record
TN:
SF:src\components\Text\index.tsx
FNF:0
FNH:0
LF:0
LH:0
BRF:0
BRH:0
end_of_record
TN:
SF:src\components\Text\text.styles.tsx
FNF:0
FNH:0
DA:3,5
LF:1
LH:1
BRF:0
BRH:0
end_of_record
TN:
SF:src\containers\index.tsx
FNF:0
FNH:0
LF:0
LH:0
BRF:0
BRH:0
end_of_record
TN:
SF:src\containers\Header\Header.tsx
FN:9,(anonymous_0)
FN:20,(anonymous_1)
FN:26,(anonymous_2)
FN:34,(anonymous_3)
FNF:4
FNH:4
FNDA:15,(anonymous_0)
FNDA:2,(anonymous_1)
FNDA:1,(anonymous_2)
FNDA:2,(anonymous_3)
DA:9,3
DA:15,15
DA:20,2
DA:26,1
DA:34,2
LF:5
LH:5
BRDA:10,0,0,5
BRF:1
BRH:1
end_of_record
TN:
SF:src\containers\Header\header.styles.tsx
FNF:0
FNH:0
DA:3,3
LF:1
LH:1
BRF:0
BRH:0
end_of_record
TN:
SF:src\containers\Header\index.tsx
FNF:0
FNH:0
LF:0
LH:0
BRF:0
BRH:0
end_of_record
TN:
SF:src\containers\List\List.tsx
FN:9,(anonymous_0)
FN:13,(anonymous_1)
FN:19,(anonymous_2)
FNF:3
FNH:3
FNDA:13,(anonymous_0)
FNDA:8,(anonymous_1)
FNDA:1,(anonymous_2)
DA:9,3
DA:10,13
DA:14,8
DA:19,1
LF:4
LH:4
BRDA:9,0,0,1
BRDA:12,1,0,13
BRDA:12,1,1,5
BRF:3
BRH:3
end_of_record
TN:
SF:src\containers\List\index.tsx
FNF:0
FNH:0
LF:0
LH:0
BRF:0
BRH:0
end_of_record
TN:
SF:src\containers\List\list.styles.tsx
FNF:0
FNH:0
DA:3,3
LF:1
LH:1
BRF:0
BRH:0
end_of_record
TN:
SF:src\containers\Todo\Todo.tsx
FN:9,(anonymous_0)
FN:13,(anonymous_1)
FN:20,(anonymous_2)
FN:27,(anonymous_3)
FN:36,(anonymous_4)
FN:37,(anonymous_5)
FN:38,(anonymous_6)
FN:43,(anonymous_7)
FNF:8
FNH:4
FNDA:10,(anonymous_0)
FNDA:2,(anonymous_1)
FNDA:0,(anonymous_2)
FNDA:0,(anonymous_3)
FNDA:2,(anonymous_4)
FNDA:0,(anonymous_5)
FNDA:2,(anonymous_6)
FNDA:0,(anonymous_7)
DA:9,2
DA:10,10
DA:11,10
DA:13,10
DA:14,2
DA:16,2
DA:17,2
DA:20,10
DA:24,0
DA:26,0
DA:27,0
DA:29,0
DA:32,10
DA:36,2
DA:37,0
DA:38,2
DA:43,0
LF:17
LH:11
BRDA:14,0,0,0
BRDA:14,0,1,2
BRDA:24,1,0,0
BRDA:24,1,1,0
BRF:4
BRH:1
end_of_record
TN:
SF:src\containers\Todo\index.tsx
FNF:0
FNH:0
LF:0
LH:0
BRF:0
BRH:0
end_of_record
